<?xml version="1.0" encoding="UTF-8"?>
<!-- Generated by org.testng.reporters.JUnitReportReporter -->
<testsuite hostname="DESKTOP-EHFVP40" failures="0" tests="1" name="testCases.O6_VerifyCheckoutPage" time="0.153" errors="0" timestamp="2023-12-08T18:12:16 IST" skipped="0">
  <testcase classname="testCases.O6_VerifyCheckoutPage" name="checkoutPage" time="0.153"/>
</testsuite> <!-- testCases.O6_VerifyCheckoutPage -->
