<?xml version="1.0" encoding="UTF-8"?>
<!-- Generated by org.testng.reporters.JUnitReportReporter -->
<testsuite hostname="DESKTOP-EHFVP40" failures="0" tests="1" name="testCases.O1_Homepage_Actions" time="3.911" errors="0" timestamp="2023-12-08T18:12:16 IST" skipped="0">
  <testcase classname="testCases.O1_Homepage_Actions" name="iphoneSearch" time="3.911"/>
</testsuite> <!-- testCases.O1_Homepage_Actions -->
