<?xml version="1.0" encoding="UTF-8"?>
<!-- Generated by org.testng.reporters.JUnitReportReporter -->
<testsuite hostname="DESKTOP-EHFVP40" failures="0" tests="1" name="pageObjects.O4_Cart_page_objects" time="19.332" errors="0" timestamp="2023-12-07T11:19:16 IST" skipped="0">
  <testcase classname="pageObjects.O4_Cart_page_objects" name="ak" time="19.332"/>
</testsuite> <!-- pageObjects.O4_Cart_page_objects -->
