<?xml version="1.0" encoding="UTF-8"?>
<!-- Generated by org.testng.reporters.JUnitReportReporter -->
<testsuite hostname="DESKTOP-EHFVP40" failures="0" tests="1" name="testCases.O5_PlaceOrder_Actions" time="4.552" errors="0" timestamp="2023-12-08T18:12:16 IST" skipped="0">
  <testcase classname="testCases.O5_PlaceOrder_Actions" name="orderPlacement" time="4.552"/>
</testsuite> <!-- testCases.O5_PlaceOrder_Actions -->
