<?xml version="1.0" encoding="UTF-8"?>
<!-- Generated by org.testng.reporters.JUnitReportReporter -->
<testsuite hostname="DESKTOP-EHFVP40" failures="0" tests="1" name="commonMethods.CommonFunctions" time="0.020" errors="0" timestamp="2023-12-06T14:25:11 IST" skipped="0">
  <testcase classname="commonMethods.CommonFunctions" name="launchBrowser" time="0.020"/>
</testsuite> <!-- commonMethods.CommonFunctions -->
