<?xml version="1.0" encoding="UTF-8"?>
<!-- Generated by org.testng.reporters.JUnitReportReporter -->
<testsuite hostname="DESKTOP-EHFVP40" failures="0" tests="1" name="testCases.O4_AddToCart_Actions" time="5.359" errors="0" timestamp="2023-12-08T18:12:16 IST" skipped="0">
  <testcase classname="testCases.O4_AddToCart_Actions" name="clickAddToCart" time="5.359"/>
</testsuite> <!-- testCases.O4_AddToCart_Actions -->
