<?xml version="1.0" encoding="UTF-8"?>
<!-- Generated by org.testng.reporters.JUnitReportReporter -->
<testsuite hostname="DESKTOP-EHFVP40" failures="0" tests="1" name="testCases.O3_Select_iphone12_64gb_Actions" time="0.211" errors="0" timestamp="2023-12-08T18:12:16 IST" skipped="0">
  <testcase classname="testCases.O3_Select_iphone12_64gb_Actions" name="chooseIphone12_64Gb" time="0.211"/>
</testsuite> <!-- testCases.O3_Select_iphone12_64gb_Actions -->
